
[1mRooFit v3.60 -- Developed by Wouter Verkerke and David Kirkby[0m 
                Copyright (C) 2000-2013 NIKHEF, University of California & Stanford University
                All rights reserved, please read http://roofit.sourceforge.net/license.txt

Info in <TCanvas::Print>: pdf file /afs/cern.ch/user/a/atpathak/afswork/public/Pixel/LFV_Plots/Plots_Fit_tautau_3Jan2018/tau_momentum_1_decay_3.pdf has been created
Info in <TCanvas::Print>: ps file /afs/cern.ch/user/a/atpathak/afswork/public/Pixel/LFV_Plots/Plots_Fit_tautau_3Jan2018/Angle_decay_3.Adf has been created
icut = 3 ipbin = 0 hist->Integral() = 10540
Info in <TCanvas::MakeDefCanvas>:  created default TCanvas with name c1
 FCN=0.0122283 FROM HESSE     STATUS=OK             40 CALLS        2112 TOTAL
                     EDM=1.83759e-08    STRATEGY= 1      ERROR MATRIX ACCURATE 
  EXT PARAMETER                                   STEP         FIRST   
  NO.   NAME      VALUE            ERROR          SIZE      DERIVATIVE 
   1  p0           8.60888e-04   2.31748e-03   9.44474e-08   3.81133e-02
   2  p1           9.82346e-02   1.55533e-01   5.32611e-06  -6.18245e-04
   3  p2           4.33140e-02   1.11930e-01   4.60108e-06  -2.10540e-03
   4  p3           2.06349e-01   9.43605e-01   2.79408e-05   4.89122e-05
   5  p4           3.24462e-02   2.78903e-01   1.32362e-05   6.61765e-04
   6  p5           5.70304e-04   7.10301e-03   1.73050e-07  -4.66520e-02
                               ERR DEF= 0.5
 FCN=0.013753 FROM HESSE     STATUS=OK             40 CALLS        2363 TOTAL
                     EDM=1.11836e-06    STRATEGY= 1      ERROR MATRIX ACCURATE 
  EXT PARAMETER                                   STEP         FIRST   
  NO.   NAME      VALUE            ERROR          SIZE      DERIVATIVE 
   1  p0           1.94195e-04   3.08557e-03   5.01414e-08   3.13562e-02
   2  p1           3.28896e-02   2.49382e-01   4.16682e-06   4.90479e-03
   3  p2           1.37684e-02   5.64096e-01   2.94823e-05  -9.36168e-04
   4  p3           7.15309e-02   2.11986e-01   4.10684e-06   7.07813e-03
   5  p4           1.54685e-02   2.75218e-02   1.78046e-05  -2.63888e-03
   6  p5           2.19612e-03   8.54341e-03   2.49286e-07   1.66522e-01
                               ERR DEF= 0.5
icut = 3 ipbin = 0 old_func->freepar = 0  old_func->Integral() = 0.00115369 func->Intrgral() = 0.00100037 hist->Integral() = 1  oldhist->Integral() = 1  Hist/func = 999.631  Hist/old_func = 866.785 
Info in <TCanvas::Print>: pdf file /afs/cern.ch/user/a/atpathak/afswork/public/Pixel/LFV_Plots/Plots_Fit_tautau_3Jan2018/Angle_Vis_neutrino_decay3_Fit_1.pdf has been created
icut = 3 ipbin = 1 hist->Integral() = 13159
 FCN=0.00951377 FROM HESSE     STATUS=OK             40 CALLS        2024 TOTAL
                     EDM=6.28393e-07    STRATEGY= 1      ERROR MATRIX ACCURATE 
  EXT PARAMETER                                   STEP         FIRST   
  NO.   NAME      VALUE            ERROR          SIZE      DERIVATIVE 
   1  p0           8.15846e-04   2.58655e-03   9.21468e-08   3.30778e-01
   2  p1           6.13811e-02   1.14837e-01   3.48923e-06   3.02713e-03
   3  p2           2.73340e-02   8.04576e-02   3.01707e-06  -1.55177e-02
   4  p3           1.23716e-01   6.65667e-01   1.46765e-05  -3.81773e-03
   5  p4           1.92302e-02   9.09945e-02   7.34054e-06   5.81123e-03
   6  p5           5.58426e-04   6.42700e-03   1.44741e-07  -3.94245e-01
                               ERR DEF= 0.5
 FCN=0.0135078 FROM HESSE     STATUS=OK             40 CALLS         428 TOTAL
                     EDM=1.04644e-06    STRATEGY= 1      ERROR MATRIX ACCURATE 
  EXT PARAMETER                                   STEP         FIRST   
  NO.   NAME      VALUE            ERROR          SIZE      DERIVATIVE 
   1  p0           7.90969e-04   1.69042e-03   9.12153e-08  -5.39932e-01
   2  p1           4.81044e-02   5.83988e-02   2.64708e-06  -3.18177e-03
   3  p2           2.06198e-02   4.36136e-02   1.59129e-05  -3.75420e-04
   4  p3           9.99279e-02   3.33057e-01   1.12700e-05   7.74093e-04
   5  p4           1.61459e-02   6.37234e-02   4.56862e-05   5.28561e-04
   6  p5           5.97813e-04   3.92275e-03   1.40136e-07  -4.01478e-01
                               ERR DEF= 0.5
icut = 3 ipbin = 1 old_func->freepar = 0  old_func->Integral() = 0.00120181 func->Intrgral() = 0.000999328 hist->Integral() = 1  oldhist->Integral() = 1  Hist/func = 1000.67  Hist/old_func = 832.077 
Info in <TCanvas::Print>: pdf file /afs/cern.ch/user/a/atpathak/afswork/public/Pixel/LFV_Plots/Plots_Fit_tautau_3Jan2018/Angle_Vis_neutrino_decay3_Fit_2.pdf has been created
icut = 3 ipbin = 2 hist->Integral() = 19120
 FCN=0.00739132 FROM HESSE     STATUS=OK             40 CALLS        2072 TOTAL
                     EDM=5.67122e-07    STRATEGY= 1      ERROR MATRIX ACCURATE 
  EXT PARAMETER                                   STEP         FIRST   
  NO.   NAME      VALUE            ERROR          SIZE      DERIVATIVE 
   1  p0           6.16757e-04   4.50390e-03   7.52224e-08   2.64365e-01
   2  p1           4.71400e-02   1.83772e-01   2.91284e-06   5.94641e-03
   3  p2           2.09817e-02   9.61934e-02   2.50879e-06  -5.99760e-03
   4  p3           8.50337e-02   7.10329e-01   1.01016e-05  -5.62605e-03
   5  p4           1.45940e-02   1.40175e-01   5.05286e-06  -5.43978e-04
   6  p5           6.26596e-04   1.13096e-02   1.38503e-07  -2.47334e-01
                               ERR DEF= 0.5
 FCN=0.00887953 FROM HESSE     STATUS=OK             40 CALLS         484 TOTAL
                     EDM=1.57813e-07    STRATEGY= 1      ERROR MATRIX ACCURATE 
  EXT PARAMETER                                   STEP         FIRST   
  NO.   NAME      VALUE            ERROR          SIZE      DERIVATIVE 
   1  p0           6.69418e-04   1.80755e-03   7.60478e-08   6.20097e-03
   2  p1           3.94090e-02   6.16050e-02   2.18411e-06  -5.83970e-03
   3  p2           1.72006e-02   4.34341e-02   1.44467e-05  -1.30441e-03
   4  p3           8.23012e-02   4.06361e-01   1.01298e-05   8.25129e-04
   5  p4           1.36096e-02   5.37805e-02   4.19589e-05   4.27590e-04
   6  p5           4.73833e-04   4.38539e-03   1.14338e-07  -1.52399e-01
                               ERR DEF= 0.5
icut = 3 ipbin = 2 old_func->freepar = 0  old_func->Integral() = 0.00120401 func->Intrgral() = 0.000833272 hist->Integral() = 1  oldhist->Integral() = 1  Hist/func = 1200.09  Hist/old_func = 830.556 
Info in <TCanvas::Print>: pdf file /afs/cern.ch/user/a/atpathak/afswork/public/Pixel/LFV_Plots/Plots_Fit_tautau_3Jan2018/Angle_Vis_neutrino_decay3_Fit_3.pdf has been created
icut = 3 ipbin = 3 hist->Integral() = 20878
 FCN=0.00793365 FROM HESSE     STATUS=OK             40 CALLS        2001 TOTAL
                     EDM=1.26771e-06    STRATEGY= 1      ERROR MATRIX ACCURATE 
  EXT PARAMETER                                   STEP         FIRST   
  NO.   NAME      VALUE            ERROR          SIZE      DERIVATIVE 
   1  p0           5.19374e-04   2.20445e-03   3.05544e-07   6.58603e-01
   2  p1           4.02943e-02   9.52887e-02   1.18244e-05   1.01132e-02
   3  p2           1.77971e-02   5.88780e-02   1.01309e-05  -1.88923e-02
   4  p3           7.64199e-02   4.65933e-01   4.92297e-05  -1.04398e-02
   5  p4           1.31868e-02   9.52486e-02   2.58172e-05   4.92883e-03
   6  p5           4.39613e-04   5.42546e-03   5.16068e-07  -6.56875e-01
                               ERR DEF= 0.5
 FCN=0.0104532 FROM HESSE     STATUS=OK             40 CALLS         635 TOTAL
                     EDM=5.32808e-08    STRATEGY= 1      ERROR MATRIX ACCURATE 
  EXT PARAMETER                                   STEP         FIRST   
  NO.   NAME      VALUE            ERROR          SIZE      DERIVATIVE 
   1  p0           5.35787e-04   1.06722e-03   6.07243e-08  -2.02154e-01
   2  p1           3.33877e-02   3.79621e-02   1.80236e-06   4.55721e-03
   3  p2           1.42923e-02   2.93139e-02   1.29866e-05  -1.71564e-04
   4  p3           7.01140e-02   2.24748e-01   7.84707e-06  -1.53727e-03
   5  p4           1.09950e-02   4.19747e-02   3.70207e-05   2.44377e-04
   6  p5           3.78152e-04   2.43485e-03   9.08835e-08  -1.29672e-01
                               ERR DEF= 0.5
icut = 3 ipbin = 3 old_func->freepar = 0  old_func->Integral() = 0.00120157 func->Intrgral() = 0.000666559 hist->Integral() = 1  oldhist->Integral() = 1  Hist/func = 1500.24  Hist/old_func = 832.245 
Info in <TCanvas::Print>: pdf file /afs/cern.ch/user/a/atpathak/afswork/public/Pixel/LFV_Plots/Plots_Fit_tautau_3Jan2018/Angle_Vis_neutrino_decay3_Fit_4.pdf has been created
icut = 3 ipbin = 4 hist->Integral() = 17616
 FCN=0.00807862 FROM HESSE     STATUS=OK             40 CALLS        2007 TOTAL
                     EDM=3.9204e-05    STRATEGY= 1      ERROR MATRIX ACCURATE 
  EXT PARAMETER                                   STEP         FIRST   
  NO.   NAME      VALUE            ERROR          SIZE      DERIVATIVE 
   1  p0           3.92189e-04   2.99496e-03   2.28926e-07   6.09149e-01
   2  p1           3.44081e-02   1.41185e-01   9.98844e-06  -9.15005e-03
   3  p2           1.51743e-02   7.35952e-02   8.49251e-06   1.15514e-02
   4  p3           6.43528e-02   7.33643e-01   3.98171e-05  -1.53936e-03
   5  p4           1.10243e-02   9.86291e-02   2.03853e-05  -1.60910e-02
   6  p5           3.32438e-04   7.70916e-03   4.06201e-07   6.64243e-01
                               ERR DEF= 0.5
 FCN=0.00862879 FROM HESSE     STATUS=OK             40 CALLS        2477 TOTAL
                     EDM=1.28005e-07    STRATEGY= 1      ERROR MATRIX ACCURATE 
  EXT PARAMETER                                   STEP         FIRST   
  NO.   NAME      VALUE            ERROR          SIZE      DERIVATIVE 
   1  p0           1.30870e-04   1.34100e-03   2.83225e-08  -2.97297e-02
   2  p1           1.64894e-02   8.50238e-02   1.69334e-06   9.86484e-03
   3  p2           6.66739e-03   7.37739e-02   1.68897e-05  -5.83795e-04
   4  p3           3.19732e-02   6.73307e-02   1.60773e-06  -1.49288e-03
   5  p4           5.60720e-03   9.65762e-03   1.12895e-05   1.75175e-03
   6  p5           9.80001e-04   3.58584e-03   1.16510e-07   5.31492e-02
                               ERR DEF= 0.5
icut = 3 ipbin = 4 old_func->freepar = 0  old_func->Integral() = 0.00119216 func->Intrgral() = 0.000500023 hist->Integral() = 1  oldhist->Integral() = 1  Hist/func = 1999.91  Hist/old_func = 838.816 
Info in <TCanvas::Print>: pdf file /afs/cern.ch/user/a/atpathak/afswork/public/Pixel/LFV_Plots/Plots_Fit_tautau_3Jan2018/Angle_Vis_neutrino_decay3_Fit_5.pdf has been created
icut = 3 ipbin = 5 hist->Integral() = 26102
 FCN=0.00591696 FROM HESSE     STATUS=NOT POSDEF     40 CALLS        2030 TOTAL
                     EDM=0.00011783    STRATEGY= 1      ERR MATRIX NOT POS-DEF
  EXT PARAMETER                APPROXIMATE        STEP         FIRST   
  NO.   NAME      VALUE            ERROR          SIZE      DERIVATIVE 
   1  p0           3.21653e-04   3.30393e-03   1.90096e-07  -5.84531e-01
   2  p1           2.79952e-02   1.46051e-01   8.31684e-06  -2.33548e-02
   3  p2           1.24339e-02   6.52442e-02   7.13627e-06   1.23604e-02
   4  p3           5.14369e-02   7.82433e-01   3.35621e-05  -6.79252e-03
   5  p4           9.26461e-03   9.31024e-02   1.72666e-05  -7.32604e-03
   6  p5           2.90713e-04   8.63490e-03   3.49765e-07   4.84640e-02
                               ERR DEF= 0.5
 FCN=0.00785103 FROM HESSE     STATUS=OK             40 CALLS         601 TOTAL
                     EDM=7.1751e-07    STRATEGY= 1      ERROR MATRIX ACCURATE 
  EXT PARAMETER                                   STEP         FIRST   
  NO.   NAME      VALUE            ERROR          SIZE      DERIVATIVE 
   1  p0           3.35103e-04   8.44198e-04   3.79829e-08  -1.29616e+00
   2  p1           2.37880e-02   3.49390e-02   1.31861e-06   1.74240e-03
   3  p2           1.03977e-02   2.55644e-02   1.12091e-05   4.07836e-03
   4  p3           4.96934e-02   2.09767e-01   5.75025e-06   2.22073e-03
   5  p4           7.93301e-03   3.51663e-02   3.27523e-05  -1.20632e-03
   6  p5           2.43330e-04   2.07584e-03   1.17744e-08  -3.85404e-03
                               ERR DEF= 0.5
icut = 3 ipbin = 5 old_func->freepar = 0  old_func->Integral() = 0.00119373 func->Intrgral() = 0.000416484 hist->Integral() = 1  oldhist->Integral() = 1  Hist/func = 2401.05  Hist/old_func = 837.708 
Info in <TCanvas::Print>: pdf file /afs/cern.ch/user/a/atpathak/afswork/public/Pixel/LFV_Plots/Plots_Fit_tautau_3Jan2018/Angle_Vis_neutrino_decay3_Fit_6.pdf has been created
icut = 3 ipbin = 6 hist->Integral() = 37948
 FCN=0.00366881 FROM HESSE     STATUS=OK             40 CALLS        2125 TOTAL
                     EDM=1.14312e-06    STRATEGY= 1      ERROR MATRIX ACCURATE 
  EXT PARAMETER                                   STEP         FIRST   
  NO.   NAME      VALUE            ERROR          SIZE      DERIVATIVE 
   1  p0           2.62146e-04   1.28001e-03   3.03881e-08  -1.06654e+00
   2  p1           2.01316e-02   5.44144e-02   1.16247e-06   1.87761e-02
   3  p2           8.85400e-03   3.19394e-02   9.93608e-07  -7.27914e-03
   4  p3           3.78097e-02   2.73136e-01   4.51618e-06  -2.04717e-03
   5  p4           6.27329e-03   4.66160e-02   2.28758e-06  -1.51701e-02
   6  p5           2.10581e-04   3.20029e-03   5.20603e-08  -2.48865e-01
                               ERR DEF= 0.5
 FCN=0.00467441 FROM HESSE     STATUS=OK             40 CALLS         493 TOTAL
                     EDM=6.70248e-07    STRATEGY= 1      ERROR MATRIX ACCURATE 
  EXT PARAMETER                                   STEP         FIRST   
  NO.   NAME      VALUE            ERROR          SIZE      DERIVATIVE 
   1  p0           2.51265e-04   1.19273e-03   2.96616e-08  -2.23151e-01
   2  p1           1.69270e-02   4.50907e-02   9.76585e-07  -4.75534e-02
   3  p2           7.33312e-03   2.73636e-02   9.82228e-06  -3.26997e-03
   4  p3           3.38868e-02   2.32928e-01   3.81000e-06   8.88293e-03
   5  p4           5.72248e-03   2.25856e-02   2.46700e-05   3.87241e-04
   6  p5           2.35962e-04   3.05131e-03   5.12629e-08  -5.61031e-01
                               ERR DEF= 0.5
icut = 3 ipbin = 6 old_func->freepar = 0  old_func->Integral() = 0.00120314 func->Intrgral() = 0.000333269 hist->Integral() = 1  oldhist->Integral() = 1  Hist/func = 3000.58  Hist/old_func = 831.16 
Info in <TCanvas::Print>: pdf file /afs/cern.ch/user/a/atpathak/afswork/public/Pixel/LFV_Plots/Plots_Fit_tautau_3Jan2018/Angle_Vis_neutrino_decay3_Fit_7.pdf has been created
icut = 3 ipbin = 7 hist->Integral() = 32130
 FCN=0.00474604 FROM HESSE     STATUS=OK             40 CALLS        2177 TOTAL
                     EDM=2.83728e-07    STRATEGY= 1      ERROR MATRIX ACCURATE 
  EXT PARAMETER                                   STEP         FIRST   
  NO.   NAME      VALUE            ERROR          SIZE      DERIVATIVE 
   1  p0           1.97883e-04   5.92259e-04   2.26487e-08   1.40668e+00
   2  p1           1.26929e-02   2.21200e-02   7.21711e-07   1.56089e-03
   3  p2           5.56706e-03   1.54131e-02   6.19653e-07  -3.56725e-02
   4  p3           2.49504e-02   1.09594e-01   2.69278e-06  -1.15884e-02
   5  p4           3.80639e-03   1.78220e-02   1.28862e-06  -5.26801e-03
   6  p5           1.49518e-04   1.42366e-03   3.62522e-08  -7.86828e-01
                               ERR DEF= 0.5
 FCN=0.00633256 FROM HESSE     STATUS=OK             40 CALLS         512 TOTAL
                     EDM=1.56856e-06    STRATEGY= 1      ERROR MATRIX ACCURATE 
  EXT PARAMETER                                   STEP         FIRST   
  NO.   NAME      VALUE            ERROR          SIZE      DERIVATIVE 
   1  p0           1.80011e-04   9.99346e-04   2.19894e-08  -1.47806e+00
   2  p1           1.04709e-02   3.23518e-02   6.36486e-07  -1.27888e-02
   3  p2           4.59390e-03   2.00585e-02   8.06373e-06   3.96248e-03
   4  p3           2.05593e-02   1.42749e-01   2.24628e-06  -3.72067e-03
   5  p4           3.54228e-03   1.90007e-02   1.81147e-05  -3.68600e-03
   6  p5           1.94801e-04   2.51464e-03   3.95990e-08  -1.12835e+00
                               ERR DEF= 0.5
icut = 3 ipbin = 7 old_func->freepar = 0  old_func->Integral() = 0.00121242 func->Intrgral() = 0.000249877 hist->Integral() = 1  oldhist->Integral() = 1  Hist/func = 4001.97  Hist/old_func = 824.798 
Info in <TCanvas::Print>: pdf file /afs/cern.ch/user/a/atpathak/afswork/public/Pixel/LFV_Plots/Plots_Fit_tautau_3Jan2018/Angle_Vis_neutrino_decay3_Fit_8.pdf has been created
icut = 3 ipbin = 8 hist->Integral() = 18460
 FCN=0.0107999 FROM HESSE     STATUS=OK             40 CALLS        2655 TOTAL
                     EDM=1.32218e-07    STRATEGY= 1      ERROR MATRIX ACCURATE 
  EXT PARAMETER                                   STEP         FIRST   
  NO.   NAME      VALUE            ERROR          SIZE      DERIVATIVE 
   1  p0           6.91276e-05   3.25830e-04   1.65730e-08   2.00281e-01
   2  p1           8.00397e-03   2.54613e-02   3.04882e-07   5.35767e-05
   3  p2           5.64818e-03   2.89857e-02   3.32084e-07   7.81533e-05
   4  p3           7.17846e-03   1.25604e-02   6.98753e-07  -2.44399e-02
   5  p4           2.08533e-03   6.49172e-03   3.67613e-07  -1.39966e-02
   6  p5           2.73072e-04   8.74380e-04   4.23499e-08   5.37487e-02
                               ERR DEF= 0.5
 FCN=0.0106666 FROM HESSE     STATUS=OK             40 CALLS        1786 TOTAL
                     EDM=1.03811e-06    STRATEGY= 1      ERROR MATRIX ACCURATE 
  EXT PARAMETER                                   STEP         FIRST   
  NO.   NAME      VALUE            ERROR          SIZE      DERIVATIVE 
   1  p0           6.38129e-05   4.15367e-04   1.54986e-08  -6.41557e-01
   2  p1           7.31997e-03   2.15599e-02   9.27606e-07  -4.06184e-02
   3  p2           3.38058e-03   1.55446e-02   1.41610e-05   1.42343e-03
   4  p3           5.67028e-03   1.72442e-02   5.81984e-07  -1.01210e-01
   5  p4           2.05783e-03   5.58439e-03   6.81723e-06   9.85330e-03
   6  p5           2.74634e-04   1.03566e-03   4.23084e-08  -6.07518e-01
                               ERR DEF= 0.5
icut = 3 ipbin = 8 old_func->freepar = 0  old_func->Integral() = 0.00121065 func->Intrgral() = 0.000166631 hist->Integral() = 1  oldhist->Integral() = 1  Hist/func = 6001.28  Hist/old_func = 826.004 
Info in <TCanvas::Print>: pdf file /afs/cern.ch/user/a/atpathak/afswork/public/Pixel/LFV_Plots/Plots_Fit_tautau_3Jan2018/Angle_Vis_neutrino_decay3_Fit_9.pdf has been created
icut = 3 ipbin = 9 hist->Integral() = 7304
 FCN=0.0254587 FROM HESSE     STATUS=OK             40 CALLS        2598 TOTAL
                     EDM=7.97257e-07    STRATEGY= 1      ERROR MATRIX ACCURATE 
  EXT PARAMETER                                   STEP         FIRST   
  NO.   NAME      VALUE            ERROR          SIZE      DERIVATIVE 
   1  p0           4.33919e-05   1.95752e-04   8.97897e-09   2.60933e+00
   2  p1           4.37920e-03   1.84192e-02   8.83715e-07   7.74213e-02
   3  p2           3.62113e-03   1.52808e-02   8.15506e-07  -1.39028e-02
   4  p3           4.00453e-03   1.00001e-02   5.29970e-07   7.42737e-02
   5  p4           1.34418e-03   4.54459e-03   2.80311e-07  -8.56162e-02
   6  p5           1.21443e-04   4.65307e-04   2.18683e-08   1.78051e+00
                               ERR DEF= 0.5
 FCN=0.0360028 FROM HESSE     STATUS=NOT POSDEF     44 CALLS         680 TOTAL
                     EDM=1.80165e-05    STRATEGY= 1      ERR MATRIX NOT POS-DEF
  EXT PARAMETER                APPROXIMATE        STEP         FIRST   
  NO.   NAME      VALUE            ERROR          SIZE      DERIVATIVE 
   1  p0          -1.93664e-04   2.73396e+02   5.33636e-01  -1.55190e-05
   2  p1          -6.44707e-03   1.69784e-01   1.49233e-03   1.68098e-05
   3  p2           1.09896e-03   2.94852e-02   5.81496e-03   3.28465e-06
   4  p3           2.86170e-03   1.88079e-05   8.57415e-07  -6.90862e-03
   5  p4           1.01006e-03   9.46364e-06   1.36020e-05  -1.34609e-03
   6  p5           2.20240e-04   2.44903e-06   1.11642e-07  -1.14609e-01
                               ERR DEF= 0.5
icut = 3 ipbin = 9 old_func->freepar = 0  old_func->Integral() = 0.00118284 func->Intrgral() = 8.33309e-05 hist->Integral() = 1  oldhist->Integral() = 1  Hist/func = 12000.3  Hist/old_func = 845.422 
Info in <TCanvas::Print>: pdf file /afs/cern.ch/user/a/atpathak/afswork/public/Pixel/LFV_Plots/Plots_Fit_tautau_3Jan2018/Angle_Vis_neutrino_decay3_Fit_10.pdf has been created
icut = 3 ipbin = 0 20 < p < 40 fit_status = 4000 fit_param = 0.000194195 (0.000944812) 0.0328896 (0.0951213) 0.0137684 (0.0418653) 0.0715309 (0.184562) 0.0154685 (0.030606) 0.00219612 (0.000770875) 
icut = 3 ipbin = 1 40 < p < 50 fit_status = 4000 fit_param = 0.000790969 (0.000944593) 0.0481044 (0.0607237) 0.0206198 (0.0269768) 0.0999279 (0.116748) 0.0161459 (0.0197229) 0.000597813 (0.000770875) 
icut = 3 ipbin = 2 50 < p < 60 fit_status = 4000 fit_param = 0.000669418 (0.000944447) 0.039409 (0.0486183) 0.0172006 (0.0216536) 0.0823012 (0.0929756) 0.0136096 (0.015822) 0.000473833 (0.000770875) 
icut = 3 ipbin = 3 60 < p < 70 fit_status = 4000 fit_param = 0.000535787 (0.000944301) 0.0333877 (0.0404331) 0.0142923 (0.0180192) 0.070114 (0.0769744) 0.010995 (0.0131533) 0.000378152 (0.000770875) 
icut = 3 ipbin = 4 70 < p < 80 fit_status = 4000 fit_param = 0.00013087 (0.000944155) 0.0164894 (0.0345631) 0.00666739 (0.0153925) 0.0319732 (0.0655631) 0.0056072 (0.0112202) 0.000980001 (0.000770875) 
icut = 3 ipbin = 5 80 < p < 100 fit_status = 4000 fit_param = 0.000335103 (0.000943936) 0.023788 (0.0283639) 0.0103977 (0.0125993) 0.0496934 (0.0536087) 0.00793301 (0.00915878) 0.00024333 (0.000770875) 
icut = 3 ipbin = 6 100 < p < 150 fit_status = 4000 fit_param = 0.000251265 (0.000943425) 0.016927 (0.0200511) 0.00733312 (0.00883189) 0.0338868 (0.0378687) 0.00572248 (0.00636223) 0.000235962 (0.000770875) 
icut = 3 ipbin = 7 150 < p < 250 fit_status = 4000 fit_param = 0.000180011 (0.00094233) 0.0104709 (0.0125854) 0.0045939 (0.00549416) 0.0205593 (0.0243486) 0.00354228 (0.00385079) 0.000194801 (0.000770875) 
icut = 3 ipbin = 8 250 < p < 450 fit_status = 4000 fit_param = 6.38129e-05 (0.00094014) 0.00731997 (0.00763502) 0.00338058 (0.003477) 0.00567028 (0.0159466) 0.00205783 (0.00229093) 0.000274634 (0.000770875) 
icut = 3 ipbin = 9 450 < p < 1000 fit_status = 4000 fit_param = -0.000193664 (0.000934665) -0.00644707 (0.0042055) 0.00109896 (0.00225519) 0.0028617 (0.00906092) 0.00101006 (0.00134827) 0.00022024 (0.000770875) 
Info in <TCanvas::Print>: pdf file /afs/cern.ch/user/a/atpathak/afswork/public/Pixel/LFV_Plots/Plots_Fit_tautau_3Jan2018/decay3_FuncP0.pdf has been created
cleaned cnew_0
x[0]=30, y[0]=0.000194195, ex[0]=0, ey[0]=0.00308557
x[1]=45, y[1]=0.000790969, ex[1]=0, ey[1]=0.00169042
x[2]=55, y[2]=0.000669418, ex[2]=0, ey[2]=0.00180755
x[3]=65, y[3]=0.000535787, ex[3]=0, ey[3]=0.00106722
x[4]=75, y[4]=0.00013087, ex[4]=0, ey[4]=0.001341
x[5]=90, y[5]=0.000335103, ex[5]=0, ey[5]=0.000844198
x[6]=125, y[6]=0.000251265, ex[6]=0, ey[6]=0.00119273
x[7]=200, y[7]=0.000180011, ex[7]=0, ey[7]=0.000999346
x[8]=350, y[8]=6.38129e-05, ex[8]=0, ey[8]=0.000415367
x[9]=725, y[9]=-0.000193664, ex[9]=0, ey[9]=273.396
 FCN=0.0954187 FROM MINOS     STATUS=FAILURE       503 CALLS        2765 TOTAL
                     EDM=5.56263e-08    STRATEGY= 1      ERR MATRIX NOT POS-DEF
  EXT PARAMETER                APPROXIMATE        STEP         FIRST   
  NO.   NAME      VALUE            ERROR          SIZE      DERIVATIVE 
   1  p0           8.06067e-01   7.58810e-01  -7.66143e-02   2.70399e-11
   2  p1          -8.47298e-03   8.71230e-03   2.91894e-03   3.74864e-08
   3  p2           2.54998e-05   3.29608e-05  -3.53526e-05  -7.16394e-06
   4  p3           3.27105e-08   9.29009e-08   1.59799e-07  -7.01314e-03
   5  p4          -1.54313e-10   2.30952e-10   2.30952e-10   3.92895e+05
Info in <TCanvas::Print>: pdf file /afs/cern.ch/user/a/atpathak/afswork/public/Pixel/LFV_Plots/Plots_Fit_tautau_3Jan2018/decay3_FitP0.pdf has been created
clean cnew
cleaned cnew
cleaning up func_0 
cleaned up func_0 
cleaning up func_1 
cleaned up func_1 
cleaning graph 
cleaned graph 
ipar = 0 done 
Info in <TCanvas::Print>: pdf file /afs/cern.ch/user/a/atpathak/afswork/public/Pixel/LFV_Plots/Plots_Fit_tautau_3Jan2018/decay3_FuncP1.pdf has been created
cleaned cnew_0
Warning in <Fit>: Abnormal termination of minimization.
x[0]=30, y[0]=0.0328896, ex[0]=0, ey[0]=0.249382
x[1]=45, y[1]=0.0481044, ex[1]=0, ey[1]=0.0583988
x[2]=55, y[2]=0.039409, ex[2]=0, ey[2]=0.061605
x[3]=65, y[3]=0.0333877, ex[3]=0, ey[3]=0.0379621
x[4]=75, y[4]=0.0164894, ex[4]=0, ey[4]=0.0850238
x[5]=90, y[5]=0.023788, ex[5]=0, ey[5]=0.034939
x[6]=125, y[6]=0.016927, ex[6]=0, ey[6]=0.0450907
x[7]=200, y[7]=0.0104709, ex[7]=0, ey[7]=0.0323518
x[8]=350, y[8]=0.00731997, ex[8]=0, ey[8]=0.0215599
x[9]=725, y[9]=-0.00644707, ex[9]=0, ey[9]=0.169784
 FCN=0.0455281 FROM MIGRAD    STATUS=CALL LIMIT   1629 CALLS        1630 TOTAL
                     EDM=4.2629e-06    STRATEGY= 1  ERROR MATRIX UNCERTAINTY  34.3 per cent
  EXT PARAMETER                APPROXIMATE        STEP         FIRST   
  NO.   NAME      VALUE            ERROR          SIZE      DERIVATIVE 
   1  p0          -1.56268e-01   1.59542e+00  -1.74356e-03   3.79838e-02
   2  p1           7.22021e-01   9.34042e+00  -3.92022e-03  -7.96276e-04
   3  p2          -1.29216e+01   1.31667e+02   1.39142e-01   4.27097e-04
   4  p3           1.59220e-03   8.77816e-02  -1.32994e-05  -2.13126e-01
   5  p4          -1.82269e-06   2.19879e-04   2.32330e-08  -2.36729e+01
Info in <TCanvas::Print>: pdf file /afs/cern.ch/user/a/atpathak/afswork/public/Pixel/LFV_Plots/Plots_Fit_tautau_3Jan2018/decay3_FitP1.pdf has been created
clean cnew
cleaned cnew
cleaning up func_0 
cleaned up func_0 
cleaning up func_1 
cleaned up func_1 
cleaning graph 
cleaned graph 
ipar = 1 done 
Info in <TCanvas::Print>: pdf file /afs/cern.ch/user/a/atpathak/afswork/public/Pixel/LFV_Plots/Plots_Fit_tautau_3Jan2018/decay3_FuncP2.pdf has been created
cleaned cnew_0
x[0]=30, y[0]=0.0137684, ex[0]=0, ey[0]=0.564096
x[1]=45, y[1]=0.0206198, ex[1]=0, ey[1]=0.0436136
x[2]=55, y[2]=0.0172006, ex[2]=0, ey[2]=0.0434341
x[3]=65, y[3]=0.0142923, ex[3]=0, ey[3]=0.0293139
x[4]=75, y[4]=0.00666739, ex[4]=0, ey[4]=0.0737739
x[5]=90, y[5]=0.0103977, ex[5]=0, ey[5]=0.0255644
x[6]=125, y[6]=0.00733312, ex[6]=0, ey[6]=0.0273636
x[7]=200, y[7]=0.0045939, ex[7]=0, ey[7]=0.0200585
x[8]=350, y[8]=0.00338058, ex[8]=0, ey[8]=0.0155446
x[9]=725, y[9]=0.00109896, ex[9]=0, ey[9]=0.0294852
 FCN=0.00713135 FROM MINOS     STATUS=SUCCESSFUL   1540 CALLS        9267 TOTAL
                     EDM=2.68352e-06    STRATEGY= 1      ERROR MATRIX ACCURATE 
  EXT PARAMETER                                   STEP         FIRST   
  NO.   NAME      VALUE            ERROR          SIZE      DERIVATIVE 
   1  p0          -2.17015e-02   5.64552e-01  -3.81352e-05   6.51375e-01
   2  p1           3.98055e-02   2.02312e+00   3.14601e-05   5.20313e-01
   3  p2          -5.00445e+01   1.30331e+03  -1.48578e-02   5.78097e-04
   4  p3           1.35868e-02   6.37777e-01  -5.49000e-04  -3.09020e-02
   5  p4          -8.92544e-06   2.05569e-04   2.05569e-04  -5.66809e-09
Info in <TCanvas::Print>: pdf file /afs/cern.ch/user/a/atpathak/afswork/public/Pixel/LFV_Plots/Plots_Fit_tautau_3Jan2018/decay3_FitP2.pdf has been created
clean cnew
cleaned cnew
cleaning up func_0 
cleaned up func_0 
cleaning up func_1 
cleaned up func_1 
cleaning graph 
cleaned graph 
ipar = 2 done 
Info in <TCanvas::Print>: pdf file /afs/cern.ch/user/a/atpathak/afswork/public/Pixel/LFV_Plots/Plots_Fit_tautau_3Jan2018/decay3_FuncP3.pdf has been created
cleaned cnew_0
x[0]=30, y[0]=0.0715309, ex[0]=0, ey[0]=0.211986
x[1]=45, y[1]=0.0999279, ex[1]=0, ey[1]=0.333057
x[2]=55, y[2]=0.0823012, ex[2]=0, ey[2]=0.406361
x[3]=65, y[3]=0.070114, ex[3]=0, ey[3]=0.224748
x[4]=75, y[4]=0.0319732, ex[4]=0, ey[4]=0.0673307
x[5]=90, y[5]=0.0496934, ex[5]=0, ey[5]=0.209767
x[6]=125, y[6]=0.0338868, ex[6]=0, ey[6]=0.232928
x[7]=200, y[7]=0.0205593, ex[7]=0, ey[7]=0.142749
x[8]=350, y[8]=0.00567028, ex[8]=0, ey[8]=0.0172442
x[9]=725, y[9]=0.0028617, ex[9]=0, ey[9]=1.88079e-05
 NEW MINIMUM FOUND.  GO BACK TO MINIMIZATION STEP.
 =================================================
                                                  V
                                                  V
                                                  V
                                               VVVVVVV
                                                VVVVV
                                                 VVV
                                                  V

 FCN=0.0613282 FROM MINOS     STATUS=FAILURE      4934 CALLS       33821 TOTAL
                     EDM=4.7813e-08    STRATEGY= 1      ERR MATRIX NOT POS-DEF
  EXT PARAMETER                APPROXIMATE        STEP         FIRST   
  NO.   NAME      VALUE            ERROR          SIZE      DERIVATIVE 
   1  p0           4.05982e-02   2.33873e-03   1.79014e-04   1.06956e+01
   2  p1           1.35601e-01   8.10665e-03   5.25843e-04  -2.21528e+00
   3  p2           5.42330e+01   4.22276e+00   3.23384e-03   9.94043e-03
   4  p3          -5.59948e-03   2.35583e-04  -5.23966e-06   1.49575e+02
   5  p4           6.02801e-06   3.24860e-07   3.24860e-07   3.48524e+02
Info in <TCanvas::Print>: pdf file /afs/cern.ch/user/a/atpathak/afswork/public/Pixel/LFV_Plots/Plots_Fit_tautau_3Jan2018/decay3_FitP3.pdf has been created
clean cnew
cleaned cnew
cleaning up func_0 
cleaned up func_0 
cleaning up func_1 
cleaned up func_1 
cleaning graph 
cleaned graph 
ipar = 3 done 
Info in <TCanvas::Print>: pdf file /afs/cern.ch/user/a/atpathak/afswork/public/Pixel/LFV_Plots/Plots_Fit_tautau_3Jan2018/decay3_FuncP4.pdf has been created
cleaned cnew_0
x[0]=30, y[0]=0.0154685, ex[0]=0, ey[0]=0.0275218
x[1]=45, y[1]=0.0161459, ex[1]=0, ey[1]=0.0637234
x[2]=55, y[2]=0.0136096, ex[2]=0, ey[2]=0.0537805
x[3]=65, y[3]=0.010995, ex[3]=0, ey[3]=0.0419747
x[4]=75, y[4]=0.0056072, ex[4]=0, ey[4]=0.00965762
x[5]=90, y[5]=0.00793301, ex[5]=0, ey[5]=0.0351663
x[6]=125, y[6]=0.00572248, ex[6]=0, ey[6]=0.0225856
x[7]=200, y[7]=0.00354228, ex[7]=0, ey[7]=0.0190007
x[8]=350, y[8]=0.00205783, ex[8]=0, ey[8]=0.00558439
x[9]=725, y[9]=0.00101006, ex[9]=0, ey[9]=9.46364e-06
 FCN=0.0421812 FROM MINOS     STATUS=FAILURE      1835 CALLS       15142 TOTAL
                     EDM=2.98696e-07    STRATEGY= 1      ERR MATRIX NOT POS-DEF
  EXT PARAMETER                APPROXIMATE        STEP         FIRST   
  NO.   NAME      VALUE            ERROR          SIZE      DERIVATIVE 
   1  p0          -8.95945e-03   2.99487e-04  -3.64787e-07  -5.39875e+00
   2  p1           2.79802e-02   1.04335e-03   6.56257e-07  -1.72385e+00
   3  p2          -5.39204e+01   9.52141e+00   7.88028e-03   1.58945e-04
   4  p3           7.40471e-03   1.19333e-04   2.22502e-07  -1.11984e+01
   5  p4          -3.92161e-06   1.64475e-07   1.64475e-07   5.93010e+04
Info in <TCanvas::Print>: pdf file /afs/cern.ch/user/a/atpathak/afswork/public/Pixel/LFV_Plots/Plots_Fit_tautau_3Jan2018/decay3_FitP4.pdf has been created
clean cnew
cleaned cnew
cleaning up func_0 
cleaned up func_0 
cleaning up func_1 
cleaned up func_1 
cleaning graph 
cleaned graph 
ipar = 4 done 
Info in <TCanvas::Print>: pdf file /afs/cern.ch/user/a/atpathak/afswork/public/Pixel/LFV_Plots/Plots_Fit_tautau_3Jan2018/decay3_FuncP5.pdf has been created
cleaned cnew_0
Warning in <Fit>: Abnormal termination of minimization.
x[0]=30, y[0]=0.00219612, ex[0]=0, ey[0]=0.00854341
x[1]=45, y[1]=0.000597813, ex[1]=0, ey[1]=0.00392275
x[2]=55, y[2]=0.000473833, ex[2]=0, ey[2]=0.00438539
x[3]=65, y[3]=0.000378152, ex[3]=0, ey[3]=0.00243485
x[4]=75, y[4]=0.000980001, ex[4]=0, ey[4]=0.00358584
x[5]=90, y[5]=0.00024333, ex[5]=0, ey[5]=0.00207584
x[6]=125, y[6]=0.000235962, ex[6]=0, ey[6]=0.00305131
x[7]=200, y[7]=0.000194801, ex[7]=0, ey[7]=0.00251464
x[8]=350, y[8]=0.000274634, ex[8]=0, ey[8]=0.00103566
x[9]=725, y[9]=0.00022024, ex[9]=0, ey[9]=2.44903e-06
 FCN=0.0714544 FROM MIGRAD    STATUS=FAILED        438 CALLS         439 TOTAL
                     EDM=0.00244738    STRATEGY= 1      ERR MATRIX NOT POS-DEF
  EXT PARAMETER                APPROXIMATE        STEP         FIRST   
  NO.   NAME      VALUE            ERROR          SIZE      DERIVATIVE 
   1  p0          -2.14990e-04   2.11381e+02   0.00000e+00  -4.17821e+02
   2  p1          -3.53533e-04   2.11381e+02   0.00000e+00  -3.08490e+00
   3  p2          -5.37221e+01   1.00000e+00   0.00000e+00   1.27619e-04
   4  p3           5.60147e-04   2.11381e+02   0.00000e+00  -4.44664e+02
   5  p4          -1.91439e-07   2.11381e+02   0.00000e+00  -4.15850e+05
Info in <TCanvas::Print>: pdf file /afs/cern.ch/user/a/atpathak/afswork/public/Pixel/LFV_Plots/Plots_Fit_tautau_3Jan2018/decay3_FitP5.pdf has been created
clean cnew
cleaned cnew
cleaning up func_0 
cleaned up func_0 
cleaning up func_1 
cleaned up func_1 
cleaning graph 
cleaned graph 
ipar = 5 done 
icut = 3 done 
